2026-05-01 17:55:27,700 - ERROR - Error placing order: APIError(code=-2014): API-key format invalid.
2026-05-01 17:56:10,506 - INFO - Order Response: {'orderId': 13096448949, 'symbol': 'BTCUSDT', 'status': 'NEW', 'clientOrderId': 'x-Cb7ytekJf661763051cfa54f53c77d', 'price': '0.00', 'avgPrice': '0.00', 'origQty': '0.0010', 'executedQty': '0.0000', 'cumQty': '0.0000', 'cumQuote': '0.000000', 'timeInForce': 'GTC', 'type': 'MARKET', 'reduceOnly': False, 'closePosition': False, 'side': 'BUY', 'positionSide': 'BOTH', 'stopPrice': '0.00', 'workingType': 'CONTRACT_PRICE', 'priceProtect': False, 'origType': 'MARKET', 'priceMatch': 'NONE', 'selfTradePreventionMode': 'EXPIRE_MAKER', 'goodTillDate': 0, 'updateTime': 1777638371234}
2026-05-01 17:56:18,614 - ERROR - Error placing order: APIError(code=-4024): Limit price can't be lower than 73847.38.
2026-05-01 17:56:35,989 - ERROR - Error placing order: APIError(code=-4024): Limit price can't be lower than 73847.84.
2026-05-01 17:56:51,816 - INFO - Order Response: {'orderId': 13096450513, 'symbol': 'BTCUSDT', 'status': 'NEW', 'clientOrderId': 'x-Cb7ytekJ8b00873cf58717767ad1f3', 'price': '80000.00', 'avgPrice': '0.00', 'origQty': '0.0010', 'executedQty': '0.0000', 'cumQty': '0.0000', 'cumQuote': '0.000000', 'timeInForce': 'GTC', 'type': 'LIMIT', 'reduceOnly': False, 'closePosition': False, 'side': 'SELL', 'positionSide': 'BOTH', 'stopPrice': '0.00', 'workingType': 'CONTRACT_PRICE', 'priceProtect': False, 'origType': 'LIMIT', 'priceMatch': 'NONE', 'selfTradePreventionMode': 'EXPIRE_MAKER', 'goodTillDate': 0, 'updateTime': 1777638412547}
2026-05-01 17:57:22,730 - ERROR - Error placing order: APIError(code=-4024): Limit price can't be lower than 73883.25.
2026-05-01 17:57:54,914 - ERROR - Error placing order: APIError(code=-4164): Order's notional must be no smaller than 50 (unless you choose reduce only).
2026-05-01 17:58:03,741 - INFO - Order Response: {'orderId': 13096453066, 'symbol': 'BTCUSDT', 'status': 'NEW', 'clientOrderId': 'x-Cb7ytekJe7f874a56bb48891ac749d', 'price': '80000.00', 'avgPrice': '0.00', 'origQty': '0.0010', 'executedQty': '0.0000', 'cumQty': '0.0000', 'cumQuote': '0.000000', 'timeInForce': 'GTC', 'type': 'LIMIT', 'reduceOnly': False, 'closePosition': False, 'side': 'SELL', 'positionSide': 'BOTH', 'stopPrice': '0.00', 'workingType': 'CONTRACT_PRICE', 'priceProtect': False, 'origType': 'LIMIT', 'priceMatch': 'NONE', 'selfTradePreventionMode': 'EXPIRE_MAKER', 'goodTillDate': 0, 'updateTime': 1777638484468}
2026-05-01 17:58:36,578 - INFO - Order Response: {'orderId': 13096454621, 'symbol': 'BTCUSDT', 'status': 'NEW', 'clientOrderId': 'x-Cb7ytekJe67d2fb062b12908500061', 'price': '80000.00', 'avgPrice': '0.00', 'origQty': '0.0010', 'executedQty': '0.0000', 'cumQty': '0.0000', 'cumQuote': '0.000000', 'timeInForce': 'GTC', 'type': 'LIMIT', 'reduceOnly': False, 'closePosition': False, 'side': 'SELL', 'positionSide': 'BOTH', 'stopPrice': '0.00', 'workingType': 'CONTRACT_PRICE', 'priceProtect': False, 'origType': 'LIMIT', 'priceMatch': 'NONE', 'selfTradePreventionMode': 'EXPIRE_MAKER', 'goodTillDate': 0, 'updateTime': 1777638517304}
2026-05-01 17:59:23,301 - INFO - Order Response: {'orderId': 13096456470, 'symbol': 'BTCUSDT', 'status': 'NEW', 'clientOrderId': 'x-Cb7ytekJbf7e0e9597fa2272857c49', 'price': '80000.00', 'avgPrice': '0.00', 'origQty': '0.0010', 'executedQty': '0.0000', 'cumQty': '0.0000', 'cumQuote': '0.000000', 'timeInForce': 'GTC', 'type': 'LIMIT', 'reduceOnly': False, 'closePosition': False, 'side': 'SELL', 'positionSide': 'BOTH', 'stopPrice': '0.00', 'workingType': 'CONTRACT_PRICE', 'priceProtect': False, 'origType': 'LIMIT', 'priceMatch': 'NONE', 'selfTradePreventionMode': 'EXPIRE_MAKER', 'goodTillDate': 0, 'updateTime': 1777638564033}
2026-05-01 17:59:32,947 - ERROR - Error placing order: SELL LIMIT price must be \u2265 market price
2026-05-01 18:06:40,492 - INFO - Placing order: Namespace(symbol='BTCUSDT', side='SELL', type='LIMIT', qty=0.001, price=80000.0)
2026-05-01 18:06:40,959 - INFO - Order Response: {'orderId': 13096472418, 'symbol': 'BTCUSDT', 'status': 'NEW', 'clientOrderId': 'x-Cb7ytekJ4470a38b8889a45fa422f2', 'price': '80000.00', 'avgPrice': '0.00', 'origQty': '0.0010', 'executedQty': '0.0000', 'cumQty': '0.0000', 'cumQuote': '0.000000', 'timeInForce': 'GTC', 'type': 'LIMIT', 'reduceOnly': False, 'closePosition': False, 'side': 'SELL', 'positionSide': 'BOTH', 'stopPrice': '0.00', 'workingType': 'CONTRACT_PRICE', 'priceProtect': False, 'origType': 'LIMIT', 'priceMatch': 'NONE', 'selfTradePreventionMode': 'EXPIRE_MAKER', 'goodTillDate': 0, 'updateTime': 1777639001692}
2026-05-01 18:14:09,502 - INFO - Placing order: Namespace(symbol='BTCUSDT', side='SELL', type='STOP', qty=0.001, price=74000.0, stopPrice=75000.0)
2026-05-01 18:14:10,004 - ERROR - Error placing order: APIError(code=-4164): Order's notional must be no smaller than 100 (unless you choose reduce only).
2026-05-01 18:14:10,004 - ERROR - Runtime error: APIError(code=-4164): Order's notional must be no smaller than 100 (unless you choose reduce only).
2026-05-01 18:14:27,820 - INFO - Placing order: Namespace(symbol='BTCUSDT', side='BUY', type='STOP', qty=0.001, price=76000.0, stopPrice=75000.0)
2026-05-01 18:14:28,114 - ERROR - Error placing order: BUY STOP trigger must be \u2265 market price
2026-05-01 18:14:28,114 - WARNING - Validation error: BUY STOP trigger must be \u2265 market price
2026-05-01 18:15:34,958 - INFO - Placing order: Namespace(symbol='BTCUSDT', side='SELL', type='STOP', qty=0.002, price=74000.0, stopPrice=75000.0)
2026-05-01 18:15:35,442 - INFO - Order Response: {'algoId': 1000000063004779, 'clientAlgoId': 'x-Cb7ytekJ7ec202a26392ebdac583a0', 'algoType': 'CONDITIONAL', 'orderType': 'STOP', 'symbol': 'BTCUSDT', 'side': 'SELL', 'positionSide': 'BOTH', 'timeInForce': 'GTC', 'quantity': '0.0020', 'algoStatus': 'NEW', 'triggerPrice': '75000.00', 'price': '74000.00', 'icebergQuantity': None, 'selfTradePreventionMode': 'EXPIRE_MAKER', 'workingType': 'CONTRACT_PRICE', 'priceMatch': 'NONE', 'closePosition': False, 'priceProtect': False, 'reduceOnly': False, 'createTime': 1777639536154, 'updateTime': 1777639536178, 'triggerTime': 0, 'goodTillDate': 0}
2026-05-01 18:15:53,379 - INFO - Placing order: Namespace(symbol='BTCUSDT', side='BUY', type='STOP', qty=0.002, price=80000.0, stopPrice=79000.0)
2026-05-01 18:15:53,817 - INFO - Order Response: {'algoId': 1000000063005010, 'clientAlgoId': 'x-Cb7ytekJ412717f52b84ba72ef77f9', 'algoType': 'CONDITIONAL', 'orderType': 'STOP', 'symbol': 'BTCUSDT', 'side': 'BUY', 'positionSide': 'BOTH', 'timeInForce': 'GTC', 'quantity': '0.0020', 'algoStatus': 'NEW', 'triggerPrice': '79000.00', 'price': '80000.00', 'icebergQuantity': None, 'selfTradePreventionMode': 'EXPIRE_MAKER', 'workingType': 'CONTRACT_PRICE', 'priceMatch': 'NONE', 'closePosition': False, 'priceProtect': False, 'reduceOnly': False, 'createTime': 1777639554548, 'updateTime': 1777639554548, 'triggerTime': 0, 'goodTillDate': 0}
2026-05-01 18:18:33,645 - INFO - Placing order: Namespace(symbol='BTCUSDT', side='SELL', type='STOP', qty=0.002, price=74000.0, stopPrice=75000.0)
2026-05-01 18:18:33,645 - ERROR - Runtime error: name 'logging' is not defined
2026-05-01 18:21:06,755 - INFO - Placing order: Namespace(symbol='BTCUSDT', side='BUY', type='MARKET', qty=0.002, price=None, stopPrice=None)
2026-05-01 18:21:07,173 - INFO - Placing MARKET order | BUY | BTCUSDT | qty=0.002 | price=None | stop=None
2026-05-01 18:21:07,354 - INFO - Order Response: {'orderId': 13096504338, 'symbol': 'BTCUSDT', 'status': 'NEW', 'clientOrderId': 'x-Cb7ytekJ6d6571d51486adba31d17f', 'price': '0.00', 'avgPrice': '0.00', 'origQty': '0.0020', 'executedQty': '0.0000', 'cumQty': '0.0000', 'cumQuote': '0.000000', 'timeInForce': 'GTC', 'type': 'MARKET', 'reduceOnly': False, 'closePosition': False, 'side': 'BUY', 'positionSide': 'BOTH', 'stopPrice': '0.00', 'workingType': 'CONTRACT_PRICE', 'priceProtect': False, 'origType': 'MARKET', 'priceMatch': 'NONE', 'selfTradePreventionMode': 'EXPIRE_MAKER', 'goodTillDate': 0, 'updateTime': 1777639868077}
2026-05-01 18:21:14,213 - INFO - Placing order: Namespace(symbol='BTCUSDT', side='SELL', type='LIMIT', qty=0.002, price=80000.0, stopPrice=None)
2026-05-01 18:21:14,483 - INFO - Placing LIMIT order | SELL | BTCUSDT | qty=0.002 | price=80000.0 | stop=None
2026-05-01 18:21:14,662 - INFO - Order Response: {'orderId': 13096504556, 'symbol': 'BTCUSDT', 'status': 'NEW', 'clientOrderId': 'x-Cb7ytekJ646e113d64070b38373bec', 'price': '80000.00', 'avgPrice': '0.00', 'origQty': '0.0020', 'executedQty': '0.0000', 'cumQty': '0.0000', 'cumQuote': '0.000000', 'timeInForce': 'GTC', 'type': 'LIMIT', 'reduceOnly': False, 'closePosition': False, 'side': 'SELL', 'positionSide': 'BOTH', 'stopPrice': '0.00', 'workingType': 'CONTRACT_PRICE', 'priceProtect': False, 'origType': 'LIMIT', 'priceMatch': 'NONE', 'selfTradePreventionMode': 'EXPIRE_MAKER', 'goodTillDate': 0, 'updateTime': 1777639875384}
2026-05-01 18:21:38,424 - INFO - Placing order: Namespace(symbol='BTCUSDT', side='BUY', type='MARKET', qty=0.002, price=None, stopPrice=None)
2026-05-01 18:21:38,989 - INFO - Placing MARKET order | BUY | BTCUSDT | qty=0.002 | price=None | stop=None
2026-05-01 18:21:39,153 - INFO - Order Response: {'orderId': 13096505391, 'symbol': 'BTCUSDT', 'status': 'NEW', 'clientOrderId': 'x-Cb7ytekJ118924a8296d768ce50b57', 'price': '0.00', 'avgPrice': '0.00', 'origQty': '0.0020', 'executedQty': '0.0000', 'cumQty': '0.0000', 'cumQuote': '0.000000', 'timeInForce': 'GTC', 'type': 'MARKET', 'reduceOnly': False, 'closePosition': False, 'side': 'BUY', 'positionSide': 'BOTH', 'stopPrice': '0.00', 'workingType': 'CONTRACT_PRICE', 'priceProtect': False, 'origType': 'MARKET', 'priceMatch': 'NONE', 'selfTradePreventionMode': 'EXPIRE_MAKER', 'goodTillDate': 0, 'updateTime': 1777639899893}
2026-05-01 18:21:43,978 - INFO - Placing order: Namespace(symbol='BTCUSDT', side='SELL', type='LIMIT', qty=0.002, price=80000.0, stopPrice=None)
2026-05-01 18:21:44,191 - INFO - Placing LIMIT order | SELL | BTCUSDT | qty=0.002 | price=80000.0 | stop=None
2026-05-01 18:21:44,360 - INFO - Order Response: {'orderId': 13096505576, 'symbol': 'BTCUSDT', 'status': 'NEW', 'clientOrderId': 'x-Cb7ytekJbdca599637c6a2e037c9fe', 'price': '80000.00', 'avgPrice': '0.00', 'origQty': '0.0020', 'executedQty': '0.0000', 'cumQty': '0.0000', 'cumQuote': '0.000000', 'timeInForce': 'GTC', 'type': 'LIMIT', 'reduceOnly': False, 'closePosition': False, 'side': 'SELL', 'positionSide': 'BOTH', 'stopPrice': '0.00', 'workingType': 'CONTRACT_PRICE', 'priceProtect': False, 'origType': 'LIMIT', 'priceMatch': 'NONE', 'selfTradePreventionMode': 'EXPIRE_MAKER', 'goodTillDate': 0, 'updateTime': 1777639905087}
2026-05-01 18:23:26,614 - INFO - Placing order: Namespace(symbol='BTCUSDT', side='BUY', type='MARKET', qty=0.002, price=None, stopPrice=None)
2026-05-01 18:23:26,880 - INFO - Placing MARKET order | BUY | BTCUSDT | qty=0.002 | price=None | stop=None
2026-05-01 18:23:28,259 - INFO - Order Response: {'orderId': 13096509208, 'symbol': 'BTCUSDT', 'status': 'FILLED', 'clientOrderId': 'x-Cb7ytekJ332be7c15eb559dae6ca55', 'price': '0.00', 'avgPrice': '77951.600000', 'origQty': '0.0020', 'executedQty': '0.0020', 'cumQuote': '155.903200', 'timeInForce': 'GTC', 'type': 'MARKET', 'reduceOnly': False, 'closePosition': False, 'side': 'BUY', 'positionSide': 'BOTH', 'stopPrice': '0.00', 'workingType': 'CONTRACT_PRICE', 'priceProtect': False, 'origType': 'MARKET', 'priceMatch': 'NONE', 'selfTradePreventionMode': 'EXPIRE_MAKER', 'goodTillDate': 0, 'time': 1777640007784, 'updateTime': 1777640007784}
